[debug] [2021-11-20T21:04:53.264Z] ----------------------------------------------------------------------
[debug] [2021-11-20T21:04:53.266Z] Command:       C:\Program Files\nodejs\node.exe C:\Users\miikk\AppData\Roaming\npm\node_modules\firebase-tools\lib\bin\firebase.js deploy
[debug] [2021-11-20T21:04:53.267Z] CLI Version:   9.23.0
[debug] [2021-11-20T21:04:53.267Z] Platform:      win32
[debug] [2021-11-20T21:04:53.267Z] Node Version:  v16.13.0
[debug] [2021-11-20T21:04:53.271Z] Time:          Sat Nov 20 2021 23:04:53 GMT+0200 (Itä-Euroopan normaaliaika)
[debug] [2021-11-20T21:04:53.272Z] ----------------------------------------------------------------------
[debug] 
[debug] [2021-11-20T21:04:53.326Z] > command requires scopes: ["email","openid","https://www.googleapis.com/auth/cloudplatformprojects.readonly","https://www.googleapis.com/auth/firebase","https://www.googleapis.com/auth/cloud-platform"]
[debug] [2021-11-20T21:04:53.326Z] > authorizing via signed-in user (miikka.kirsila@trinode.fi)
[debug] [2021-11-20T21:04:53.326Z] [iam] checking project junction2021-d60c8 for permissions ["firebase.projects.get","firebasehosting.sites.update"]
[debug] [2021-11-20T21:04:53.328Z] > refreshing access token with scopes: ["email","https://www.googleapis.com/auth/cloud-platform","https://www.googleapis.com/auth/cloudplatformprojects.readonly","https://www.googleapis.com/auth/firebase","openid"]
[debug] [2021-11-20T21:04:53.329Z] >>> HTTP REQUEST POST https://www.googleapis.com/oauth2/v3/token  
 <request body omitted>
[debug] [2021-11-20T21:04:53.488Z] <<< HTTP RESPONSE 200 {"cache-control":"no-cache, no-store, max-age=0, must-revalidate","date":"Sat, 20 Nov 2021 21:04:53 GMT","expires":"Mon, 01 Jan 1990 00:00:00 GMT","pragma":"no-cache","content-type":"application/json; charset=utf-8","vary":"X-Origin, Referer, Origin,Accept-Encoding","server":"scaffolding on HTTPServer2","x-xss-protection":"0","x-frame-options":"SAMEORIGIN","x-content-type-options":"nosniff","alt-svc":"h3=\":443\"; ma=2592000,h3-29=\":443\"; ma=2592000,h3-Q050=\":443\"; ma=2592000,h3-Q046=\":443\"; ma=2592000,h3-Q043=\":443\"; ma=2592000,quic=\":443\"; ma=2592000; v=\"46,43\"","accept-ranges":"none","transfer-encoding":"chunked"}
[debug] [2021-11-20T21:04:53.497Z] >>> HTTP REQUEST POST https://cloudresourcemanager.googleapis.com/v1/projects/junction2021-d60c8:testIamPermissions  
 {"permissions":["firebase.projects.get","firebasehosting.sites.update"]}
[debug] [2021-11-20T21:04:54.341Z] <<< HTTP RESPONSE 200 {"content-type":"application/json; charset=UTF-8","vary":"X-Origin, Referer, Origin,Accept-Encoding","date":"Sat, 20 Nov 2021 21:04:54 GMT","server":"ESF","cache-control":"private","x-xss-protection":"0","x-frame-options":"SAMEORIGIN","x-content-type-options":"nosniff","server-timing":"gfet4t7; dur=701","alt-svc":"h3=\":443\"; ma=2592000,h3-29=\":443\"; ma=2592000,h3-Q050=\":443\"; ma=2592000,h3-Q046=\":443\"; ma=2592000,h3-Q043=\":443\"; ma=2592000,quic=\":443\"; ma=2592000; v=\"46,43\"","accept-ranges":"none","transfer-encoding":"chunked"}
[debug] [2021-11-20T21:04:54.341Z] [iam] error while checking permissions, command may fail: FirebaseError: Authorization failed. This account is missing the following required permissions on project junction2021-d60c8:

  firebase.projects.get
  firebasehosting.sites.update
[debug] [2021-11-20T21:04:54.342Z] > refreshing access token with scopes: []
[debug] [2021-11-20T21:04:54.342Z] >>> HTTP REQUEST POST https://www.googleapis.com/oauth2/v3/token  
 <request body omitted>
[debug] [2021-11-20T21:04:54.454Z] <<< HTTP RESPONSE 200 {"date":"Sat, 20 Nov 2021 21:04:54 GMT","cache-control":"no-cache, no-store, max-age=0, must-revalidate","pragma":"no-cache","expires":"Mon, 01 Jan 1990 00:00:00 GMT","content-type":"application/json; charset=utf-8","vary":"X-Origin, Referer, Origin,Accept-Encoding","server":"scaffolding on HTTPServer2","x-xss-protection":"0","x-frame-options":"SAMEORIGIN","x-content-type-options":"nosniff","alt-svc":"h3=\":443\"; ma=2592000,h3-29=\":443\"; ma=2592000,h3-Q050=\":443\"; ma=2592000,h3-Q046=\":443\"; ma=2592000,h3-Q043=\":443\"; ma=2592000,quic=\":443\"; ma=2592000; v=\"46,43\"","accept-ranges":"none","transfer-encoding":"chunked"}
[debug] [2021-11-20T21:04:54.463Z] >>> [apiv2][query] GET https://firebase.googleapis.com/v1beta1/projects/junction2021-d60c8 [none]
[debug] [2021-11-20T21:04:54.779Z] <<< [apiv2][status] GET https://firebase.googleapis.com/v1beta1/projects/junction2021-d60c8 403
[debug] [2021-11-20T21:04:54.779Z] <<< [apiv2][body] GET https://firebase.googleapis.com/v1beta1/projects/junction2021-d60c8 {"error":{"code":403,"message":"The caller does not have permission","status":"PERMISSION_DENIED"}}
[debug] [2021-11-20T21:04:54.779Z] HTTP Error: 403, The caller does not have permission
[debug] [2021-11-20T21:04:54.780Z] FirebaseError: HTTP Error: 403, The caller does not have permission
    at module.exports (C:\Users\miikk\AppData\Roaming\npm\node_modules\firebase-tools\lib\responseToError.js:38:12)
    at Client.doRequest (C:\Users\miikk\AppData\Roaming\npm\node_modules\firebase-tools\lib\apiv2.js:241:23)
    at processTicksAndRejections (node:internal/process/task_queues:96:5)
    at async Client.request (C:\Users\miikk\AppData\Roaming\npm\node_modules\firebase-tools\lib\apiv2.js:96:20)
    at async Object.getFirebaseProject (C:\Users\miikk\AppData\Roaming\npm\node_modules\firebase-tools\lib\management\projects.js:290:21)
    at async Object.getDefaultHostingSite (C:\Users\miikk\AppData\Roaming\npm\node_modules\firebase-tools\lib\getDefaultHostingSite.js:8:21)
    at async requireHostingSite (C:\Users\miikk\AppData\Roaming\npm\node_modules\firebase-tools\lib\requireHostingSite.js:9:18)
    at async Object.fn (C:\Users\miikk\AppData\Roaming\npm\node_modules\firebase-tools\lib\commands\deploy.js:73:9)
    at async C:\Users\miikk\AppData\Roaming\npm\node_modules\firebase-tools\lib\command.js:188:17
[error] 
[error] Error: Failed to get Firebase project junction2021-d60c8. Please make sure the project exists and your account has permission to access it.
